# r Xi(r) Xi(r)-ShotNoise
# z = 1
0.000000000000000000e+00 6.960109252929687500e+02 -3.315161065116905374e+05
nan nan nan
nan nan nan
nan nan nan
nan nan nan
nan nan nan
nan nan nan
7.812500000000000000e+00 -1.099578539530436272e+00 -3.322132170155230560e+05
nan nan nan
nan nan nan
nan nan nan
1.104854393005371094e+01 -9.818769296010335657e-01 -3.322130993139130878e+05
nan nan nan
1.353164672851562500e+01 -1.016415715217590332e+00 -3.322131338526987238e+05
nan nan nan
1.562500000000000000e+01 -9.129605293273925781e-01 -3.322130303975128336e+05
nan nan nan
1.746928024291992188e+01 -1.007367849349975586e+00 -3.322131248048328562e+05
nan nan nan
1.913663864135742188e+01 -9.646704991658529016e-01 -3.322130821074826526e+05
nan nan nan
nan nan nan
2.209708786010742188e+01 -9.058372179667154578e-01 -3.322130232742014923e+05
2.343750000000000000e+01 -9.169371287027995310e-01 -3.322130343741122051e+05
2.470529365539550781e+01 -8.860770066579183313e-01 -3.322130035139901447e+05
2.591113090515136719e+01 -8.281850814819335938e-01 -3.322129456220649881e+05
nan nan nan
2.706329345703125000e+01 -7.677863240242004395e-01 -3.322128852233075304e+05
2.816836929321289062e+01 -7.506704330444335938e-01 -3.322128681074165506e+05
2.923169898986816406e+01 -6.448874473571777344e-01 -3.322127623244308634e+05
nan nan nan
3.125000000000000000e+01 -7.424275080362955359e-01 -3.322128598644915619e+05
3.221176147460937500e+01 -5.342684984207153320e-01 -3.322126517054819269e+05
3.314562988281250000e+01 -4.897994465298122768e-01 -3.322126072364300489e+05
3.449622917175292969e+01 -4.238169193267822266e-01 -3.322125412539028330e+05
3.580137252807617188e+01 -4.016296466191609515e-01 -3.322125190666301060e+05
3.664387130737304688e+01 -2.981990575790405273e-01 -3.322124156360410852e+05
nan nan nan
3.827327728271484375e+01 -1.985765496889750070e-01 -3.322123160135332146e+05
3.960856359145220296e+01 -1.942444969626034024e-01 -3.322123116814804962e+05
4.059494018554687500e+01 -1.206228733062744141e-01 -3.322122380598568125e+05
nan nan nan
4.235929107666015625e+01 -8.774767716725667688e-02 -3.322122051846606773e+05
nan nan nan
4.474235076904297159e+01 -8.598594864209493233e-03 -3.322121260355783743e+05
4.555430984497070312e+01 4.244122405846913887e-02 -3.322120749957594671e+05
4.647153648963341510e+01 5.903895696004232002e-02 -3.322120583980265656e+05
4.752158355712890625e+01 1.501005291938781738e-01 -3.322119673364543123e+05
4.815948486328125000e+01 1.306770642598470145e-01 -3.322119867599192658e+05
4.941058731079101562e+01 6.865055859088897705e-02 -3.322120487864249153e+05
5.022653325398763258e+01 8.564305967754787252e-02 -3.322120317939238157e+05
5.152612495422363281e+01 2.019066810607910156e-01 -3.322119155303024454e+05
5.263948822021484375e+01 1.667932987213134877e-01 -3.322119506436847732e+05
nan nan nan
5.461512411794355160e+01 2.000024241785849366e-01 -3.322119174345593201e+05
5.544260510531339037e+01 1.696669983141350091e-01 -3.322119477699851850e+05
5.674107837677001953e+01 1.869670152664184570e-01 -3.322119304699682398e+05
5.740991592407226562e+01 1.919017632802327566e-01 -3.322119255352202454e+05
5.872323989868164062e+01 1.714396079381307059e-01 -3.322119459973755875e+05
5.949822616577148438e+01 2.060150901476542062e-01 -3.322119114218933391e+05
6.000894927978515625e+01 2.181985643174913225e-01 -3.322118992384191952e+05
6.130220958164760248e+01 1.699075471787225566e-01 -3.322119475294363219e+05
6.295777803308823195e+01 1.808639975155101054e-01 -3.322119365729860147e+05
6.356485443115234091e+01 1.599902947743733761e-01 -3.322119574466887279e+05
6.473817443847656250e+01 1.435498264100816546e-01 -3.322119738871571026e+05
6.536406707763671875e+01 2.128662268320719309e-01 -3.322119045707566547e+05
6.655341448102679180e+01 1.655282860710507453e-01 -3.322119519086974324e+05
6.734966451471501614e+01 1.522222323851152026e-01 -3.322119652147511370e+05
6.861738695417132305e+01 8.384578000931512676e-02 -3.322120335912035080e+05
6.987712097167968750e+01 8.223916590213775635e-02 -3.322120351978176041e+05
7.045096191406250341e+01 8.834863026936848329e-02 -3.322120290883532143e+05
7.134625549316406534e+01 1.453442255655924553e-01 -3.322119720927579328e+05
7.232944270542689935e+01 1.003891967591785256e-01 -3.322120170477867359e+05
7.364366040910992695e+01 9.880474635532923711e-02 -3.322120186322371592e+05
7.423320116315569805e+01 1.064116160074869838e-01 -3.322120110253674793e+05
7.561033630371093750e+01 7.383613453971014928e-02 -3.322120436008489924e+05
7.681165059407551610e+01 2.269875837696923304e-02 -3.322120947382251034e+05
7.749723968505858807e+01 3.298172156016031947e-02 -3.322120844552619383e+05
7.854279085484947132e+01 7.815067942549543123e-02 -3.322120392863040906e+05
7.967218017578125000e+01 9.038939078648884629e-02 -3.322120270475927391e+05
8.039604263305663778e+01 2.926581303278604981e-02 -3.322120881711705006e+05
8.173326061617943594e+01 3.850619254573699191e-02 -3.322120789307909436e+05
nan nan nan
8.334102020263671307e+01 -1.462611357371012416e-02 -3.322121320630970877e+05
8.450468930331143724e+01 6.391799811160925326e-02 -3.322120535189853981e+05
8.580193801153274080e+01 4.342664612664116908e-02 -3.322120740103373537e+05
8.639272199358258320e+01 2.425246011643182598e-02 -3.322120931845234009e+05
8.752074813842773438e+01 3.046970897250705218e-02 -3.322120869672745466e+05
8.870643380972055070e+01 8.281692480429625122e-03 -3.322121091552910511e+05
8.941786024305555713e+01 3.420466626131976173e-03 -3.322121140165168908e+05
9.036109670003254735e+01 -8.628879432325009882e-03 -3.322121260658629471e+05
9.150934906005859659e+01 2.563779354095458915e-02 -3.322120917991899769e+05
9.247496880425347854e+01 2.158824602762858189e-02 -3.322120958487374592e+05
9.334795673076922640e+01 2.510561545689900600e-02 -3.322120923313680687e+05
9.436096049464026692e+01 -6.849251514257386451e-03 -3.322121242862350191e+05
9.546193284254808020e+01 7.864424815544715161e-03 -3.322121095725586638e+05
9.665930175781250000e+01 -6.519099076588948279e-03 -3.322121239560825634e+05
9.753291211809430195e+01 -2.290302444071996759e-03 -3.322121197272859281e+05
9.832551422119141193e+01 -2.044631640116373675e-02 -3.322121378832999035e+05
9.927743699815538037e+01 9.887090619699453933e-04 -3.322121164482744643e+05
1.003764513455904392e+02 1.042150534116304851e-02 -3.322121070154781919e+05
1.016690239800347229e+02 -1.537152749520761044e-02 -3.322121328085110290e+05
1.025054010244516292e+02 -2.360507158132699873e-02 -3.322121410420550965e+05
1.033161510891384580e+02 -3.376704951127370343e-03 -3.322121208136884379e+05
1.044995574951171875e+02 -3.548412273327509418e-03 -3.322121209853957989e+05
1.053737165010892483e+02 7.984836896260580005e-03 -3.322121094521466293e+05
1.064406461715698242e+02 2.863521066804727063e-03 -3.322121145734624588e+05
1.074608734130859347e+02 -6.243170301119486260e-03 -3.322121236801538034e+05
1.087547999201594138e+02 1.210628570737065472e-02 -3.322121053306977847e+05
1.095632408728966283e+02 5.403678233806903826e-03 -3.322121120333052822e+05
1.106596699764854037e+02 1.857173442840576172e-02 -3.322120988652490778e+05
1.114580735426682736e+02 -2.534490059583615132e-02 -3.322121427818841184e+05
1.125437229701450832e+02 -1.661880237479058519e-04 -3.322121176031715586e+05
1.134560028076171818e+02 -3.991117477416992326e-02 -3.322121573481583036e+05
1.143835580999200943e+02 2.027489922263405343e-03 -3.322121154094935628e+05
1.153499937791090701e+02 -2.699662171877347666e-02 -3.322121444336052518e+05
1.163377885818481445e+02 2.377832432587941372e-02 -3.322120936586591997e+05
1.174887314948482810e+02 3.385680885130656556e-03 -3.322121140513026039e+05
1.184339776039123535e+02 -1.333818212151527405e-02 -3.322121307751656277e+05
1.194480581844554195e+02 5.958235731311873132e-03 -3.322121114787478000e+05
1.202912844144380955e+02 5.220042207302191296e-03 -3.322121122169413138e+05
1.215073777048211383e+02 7.751952347002531198e-03 -3.322121096850311733e+05
1.223316144943237305e+02 -1.673799380660057068e-02 -3.322121341749773128e+05
1.234509685350501087e+02 7.666743319967518795e-03 -3.322121097702402039e+05
1.244616958618164091e+02 -1.640739142894744734e-02 -3.322121338443749119e+05
1.255290271146797778e+02 1.089556030775784383e-02 -3.322121065414231853e+05
1.264409170150756836e+02 -5.999726553757985144e-03 -3.322121234367100406e+05
1.274178879681755490e+02 5.612748510697308964e-03 -3.322121118242350058e+05
1.282930268787202408e+02 -2.478992371332077588e-02 -3.322121422269071918e+05
1.294313828317742718e+02 -2.379289426301655144e-02 -3.322121412298777723e+05
1.305895677046342200e+02 -7.810906930403275529e-03 -3.322121252478904207e+05
1.316118642171223883e+02 1.758190327220492859e-03 -3.322121156787931686e+05
1.324302225315824444e+02 -1.250135814044492540e-02 -3.322121299383416190e+05
1.334924187660217285e+02 -9.265419716636339245e-03 -3.322121267024032422e+05
1.346097555160522461e+02 1.562810440858205044e-02 -3.322121018088791170e+05
1.354048697049500447e+02 -1.325792367341088393e-02 -3.322121306949071586e+05
1.365917608087713120e+02 7.295938603805772818e-03 -3.322121101410448900e+05
1.374142608642578125e+02 1.745022088289260864e-02 -3.322120999867626233e+05
1.384569469949473444e+02 1.054109006688214688e-02 -3.322121068958934629e+05
1.395848964344371552e+02 2.647394483739679352e-03 -3.322121147895890172e+05
1.405683982155539695e+02 -8.711952151674213357e-03 -3.322121261489356402e+05
1.414751118627087862e+02 1.409378819081975182e-02 -3.322121033431953401e+05
1.425267701990464104e+02 2.380983063987657331e-03 -3.322121150560004171e+05
1.436091273381159965e+02 -2.112050137968144933e-02 -3.322121385574848973e+05
1.444219111124674555e+02 1.883934206432766323e-02 -3.322120985976414522e+05
1.455403827485584145e+02 -1.369361271933903709e-02 -3.322121311305962154e+05
1.466059033429181113e+02 -7.077559276863380940e-03 -3.322121245145428111e+05
1.474788558062384993e+02 -1.887161474601895331e-02 -3.322121363085982739e+05
1.485477327272664638e+02 -1.458510408974367754e-02 -3.322121320220875787e+05
1.493029751247829893e+02 4.275866956622512670e-03 -3.322121131611165474e+05
1.503684414950284065e+02 7.521932775324041351e-03 -3.322121099150507362e+05
1.514659199434168215e+02 -4.442539869570264442e-03 -3.322121218795233872e+05
1.524702453613281250e+02 -1.215225049093657857e-03 -3.322121186522085336e+05
1.535182606090198760e+02 6.965290867921077739e-03 -3.322121104716926347e+05
1.543914388882911908e+02 -7.155611690154856964e-03 -3.322121245925952098e+05
1.555003299055428272e+02 -1.254843295305624849e-02 -3.322121299854164827e+05
1.565437729779411882e+02 8.056248870550416705e-03 -3.322121093807346188e+05
1.574456113927504646e+02 3.478963877640518700e-03 -3.322121139580196468e+05
1.586214132869944820e+02 3.684022555164262556e-03 -3.322121137529609259e+05
1.597007494839754997e+02 1.296048814600164224e-02 -3.322121044764953549e+05
1.604108491785385979e+02 2.756924824971778614e-04 -3.322121171612910111e+05
1.613352457682291572e+02 -5.369490028446556075e-03 -3.322121228064735187e+05
1.625715512362393440e+02 -8.485990491780366976e-03 -3.322121259229740244e+05
1.634708397906759387e+02 4.315737796866375882e-03 -3.322121131212456967e+05
1.645695865228309458e+02 5.622375085487128429e-03 -3.322121118146084482e+05
1.657002897442511653e+02 -3.716086816487822186e-03 -3.322121211530703004e+05
1.664105275472005303e+02 -3.619228563611469503e-03 -3.322121210562120541e+05
1.674681164285410944e+02 1.727824085864467863e-03 -3.322121157091594068e+05
1.685910061922940315e+02 -1.983430123690402974e-03 -3.322121194204136264e+05
1.694044651985168457e+02 -4.131074373920758276e-03 -3.322121215680578607e+05
1.703972364153180763e+02 3.529177180358341638e-03 -3.322121139078063425e+05
1.715096144369982767e+02 8.409764059457574409e-03 -3.322121090272194706e+05
1.724576578776041629e+02 4.969655915542885551e-04 -3.322121169400179060e+05
1.734314516129032313e+02 1.200617897895074615e-02 -3.322121054308045423e+05
1.744859961307410003e+02 6.624787594332839273e-04 -3.322121167745047715e+05
1.755425376172335632e+02 4.380405511496201706e-03 -3.322121130565779749e+05
1.764857681516617163e+02 9.001289725934386379e-03 -3.322121084356937790e+05
1.774657000373391611e+02 -1.202984534057916464e-02 -3.322121294668288319e+05
1.784686528986150620e+02 -1.100577730121034617e-02 -3.322121284427607898e+05
1.794827665441176521e+02 -4.503849544816027235e-03 -3.322121219408330508e+05
1.804200497795553702e+02 1.126178806903315593e-02 -3.322121061751954257e+05
1.815094571500211202e+02 -8.474452001554472202e-03 -3.322121259114355198e+05
1.825111422152132548e+02 1.327517762914434164e-02 -3.322121041618058807e+05
1.834179832644578880e+02 1.564014345649781396e-02 -3.322121017968400265e+05
1.844201182047526117e+02 -9.990803400675455845e-03 -3.322121274277868797e+05
1.855184571639351248e+02 -5.469449188398278240e-03 -3.322121229064327199e+05
1.864416415306829720e+02 -1.412177085876464844e-02 -3.322121315587543650e+05
1.875211551489419435e+02 3.612571731045283088e-03 -3.322121138244117610e+05
1.885793748938519059e+02 6.171307809974836125e-04 -3.322121168198527303e+05
1.894561873969681756e+02 -9.188887176163699697e-03 -3.322121266258707037e+05
1.904836555149244361e+02 5.198605250621187238e-03 -3.322121122383782640e+05
1.915477841695149834e+02 -7.268982904928701638e-03 -3.322121247059663874e+05
1.925012075636121835e+02 -3.213862302126707822e-03 -3.322121206508458126e+05
1.934395286923362960e+02 -7.575940991204882687e-03 -3.322121250129244872e+05
1.945039594783339396e+02 -2.101435772208280414e-02 -3.322121384513412486e+05
1.956515279857035239e+02 -9.780953176533914439e-03 -3.322121272179366788e+05
1.965318101092082657e+02 4.013528184192936658e-03 -3.322121134234553319e+05
1.975996692657470817e+02 7.004302740097045725e-03 -3.322121104326807545e+05
1.984493795727926511e+02 2.940782163508985289e-03 -3.322121144962013350e+05
1.993946222478693073e+02 -4.313854737715287942e-03 -3.322121217508382397e+05
2.005037641979399154e+02 -1.061099010800558434e-02 -3.322121280479736160e+05
2.014170727019614446e+02 -2.276605748115701888e-03 -3.322121197135892580e+05
2.026249318276682345e+02 8.836724104419831083e-03 -3.322121086002594093e+05
2.034945858023260996e+02 -6.358945661569943538e-04 -3.322121180728780455e+05
2.044189695700621030e+02 -5.607852568993201489e-03 -3.322121230448361021e+05
2.053608460008052248e+02 -1.161131872768290593e-02 -3.322121290483022458e+05
2.065998224718817369e+02 4.927980831299705496e-03 -3.322121125090026762e+05
2.075654153534860313e+02 -7.334657841258578710e-04 -3.322121181704492774e+05
2.084660656047317104e+02 1.188609884969843260e-02 -3.322121055508846766e+05
2.095242097106161054e+02 -4.612055005906503038e-03 -3.322121220490385313e+05
2.105422444848970258e+02 1.548392798310966809e-03 -3.322121158885906916e+05
2.114661456168965969e+02 9.415690780531430285e-03 -3.322121080212927191e+05
2.124202476034359108e+02 -8.724122631306551259e-03 -3.322121261611061636e+05
2.135753941391453736e+02 8.710049619578351388e-03 -3.322121087269338896e+05
2.146521814858041068e+02 5.649521098873479946e-03 -3.322121117874624324e+05
2.154481211817541748e+02 9.121226709942484648e-03 -3.322121083157567773e+05
2.165216897601730182e+02 7.069879514308063419e-03 -3.322121103671040037e+05
2.174906394264914695e+02 1.517153689355561167e-03 -3.322121159198298119e+05
2.184117213893581209e+02 -1.615720353684983734e-02 -3.322121335941870348e+05
2.193989556495179443e+02 -7.706516177941721314e-03 -3.322121251434996957e+05
2.203851410461975604e+02 3.206709080988222175e-04 -3.322121171163126128e+05
2.214335474814137967e+02 9.561655341937977349e-04 -3.322121164808179601e+05
2.224289232674291554e+02 9.355798952997066917e-03 -3.322121080811845604e+05
2.236509609535092125e+02 -9.298546066701086910e-03 -3.322121267355295713e+05
2.245497840245564873e+02 -8.655134588479995728e-04 -3.322121183024969650e+05
2.255346449248644660e+02 -1.358360335940406519e-02 -3.322121310205868795e+05
2.264980791319219691e+02 2.588098736830531967e-03 -3.322121148488847539e+05
2.274641145070393975e+02 5.849669928903932989e-03 -3.322121115873135859e+05
2.285286729079026316e+02 2.414775964541312787e-03 -3.322121150222075521e+05
2.296607592773437432e+02 3.590885798136393171e-03 -3.322121138460977236e+05
2.305179999705111129e+02 3.187766235865903495e-03 -3.322121142492172658e+05
2.315208994547525947e+02 4.511012750513413577e-03 -3.322121129259707523e+05
2.324233898515460908e+02 5.657693585093949949e-03 -3.322121117792899022e+05
2.334571411650059645e+02 4.890648995415638849e-03 -3.322121125463345088e+05
2.344443332248263800e+02 -1.060186227162678929e-03 -3.322121184971697512e+05
2.353703507643479611e+02 1.648271511762570279e-02 -3.322121009542683605e+05
2.364569190392127496e+02 1.913320834820086969e-02 -3.322120983037751867e+05
2.374635146291632282e+02 3.947851602097003816e-03 -3.322121134891319089e+05
2.384031639099121094e+02 1.572420044491688483e-03 -3.322121158645634423e+05
2.394203731652462182e+02 -6.680461493405428879e-03 -3.322121241174450261e+05
2.404792426476111871e+02 -4.209689299265543735e-03 -3.322121216466727783e+05
2.413864668412641947e+02 1.097040736314022205e-03 -3.322121163399427896e+05
2.425373248183936425e+02 -7.089357766491628104e-03 -3.322121245263412711e+05
2.434888810992538311e+02 -1.053202954908261622e-02 -3.322121279690130614e+05
2.444679120381673272e+02 -2.598585850662655378e-03 -3.322121200355693582e+05
2.454801962716238961e+02 3.242935926195174984e-03 -3.322121141940475791e+05
2.464987053504356993e+02 9.284863869349161206e-03 -3.322121081521196174e+05
2.473976607549758171e+02 2.565168514453544917e-03 -3.322121148718149634e+05
2.484805011171283127e+02 2.566774686177571759e-03 -3.322121148702088394e+05
2.494118170254472489e+02 -4.251128881449860544e-04 -3.322121178620964056e+05
2.504006964172979792e+02 -1.043932807164561554e-03 -3.322121184809163096e+05
2.513939076085244437e+02 4.012639163642800835e-03 -3.322121134243443375e+05
2.524095937650497774e+02 9.942136398733479249e-03 -3.322121074948470923e+05
2.533792667877979738e+02 -1.101672267302488675e-03 -3.322121185386557481e+05
2.545175102957843762e+02 -4.733013773196515167e-04 -3.322121179102848982e+05
2.554561501639229846e+02 -1.156797863188244006e-02 -3.322121290049621603e+05
2.564561030690263124e+02 -2.380908504734194266e-03 -3.322121198178920313e+05
2.575386793301883017e+02 4.840440894419421880e-03 -3.322121125965426327e+05
2.585327795119512757e+02 3.800857634771438037e-03 -3.322121136361258687e+05
2.595786192732858808e+02 -2.630283299102086601e-03 -3.322121200672668056e+05
2.604506892451533417e+02 -2.341585854689280047e-03 -3.322121197785693803e+05
2.615144723962854414e+02 1.133540714228594738e-02 -3.322121061015763553e+05
2.624965137134898896e+02 -2.734829079021107185e-03 -3.322121201718125958e+05
2.635255469912574426e+02 -6.406122162228538967e-03 -3.322121238431056845e+05
2.644906704271610920e+02 1.016077191675480388e-03 -3.322121164209063281e+05
2.655399697684612192e+02 -1.001452455426206627e-03 -3.322121184384359512e+05
2.664191862339711747e+02 1.371861308938843345e-02 -3.322121037183704320e+05
2.674076832616052002e+02 6.098691345185272561e-03 -3.322121113382921321e+05
2.684499176703558874e+02 1.255791584650675554e-03 -3.322121161811919301e+05
2.695208270566683382e+02 -1.193375346508431965e-03 -3.322121186303588329e+05
2.705131060352641725e+02 8.671084161621430558e-03 -3.322121087658993201e+05
2.714936152564154668e+02 7.069694499174753463e-04 -3.322121167300140369e+05
2.725843284243629228e+02 -5.195152664941454952e-03 -3.322121226321361610e+05
2.736262232978562565e+02 -2.796851955174247794e-03 -3.322121202338354778e+05
2.746037735122818049e+02 -4.910073301813623614e-03 -3.322121223470568075e+05
2.754490616923631023e+02 -1.013508273495568194e-03 -3.322121184504918056e+05
2.764786747349886582e+02 -4.089136823322594289e-03 -3.322121215261203470e+05
2.775759472969251078e+02 -2.862715895795996893e-03 -3.322121202996994252e+05
2.785865678333100846e+02 -1.794124997797466418e-03 -3.322121192311085179e+05
2.795507088276877425e+02 -3.638894996832852530e-03 -3.322121210758785019e+05
2.804542117648654767e+02 5.980583915004024191e-03 -3.322121114563996089e+05
2.815386444178249121e+02 3.960272182936483702e-04 -3.322121170409562765e+05
2.824487499558782133e+02 4.456365443616506702e-03 -3.322121129806180834e+05
2.834192778942631890e+02 -5.600333213806152344e-03 -3.322121230373167200e+05
2.844554395024080691e+02 5.669863697904977545e-03 -3.322121117671197862e+05
2.854407866272745196e+02 8.522944108343324943e-03 -3.322121089140393888e+05
2.865562409431703372e+02 -2.276554543484923809e-03 -3.322121197135380353e+05
2.874655717778252892e+02 6.545402359445184849e-04 -3.322121167824432487e+05
2.884564674660011292e+02 -5.589184054621943766e-03 -3.322121230261675664e+05
2.894536159027413191e+02 2.875054249910413261e-03 -3.322121145619292511e+05
2.904982539522475236e+02 -4.121187804401784879e-03 -3.322121215581712895e+05
2.915301851908365620e+02 7.633387049039205147e-03 -3.322121098035964533e+05
2.925296489854063680e+02 -1.511768539353172290e-03 -3.322121189487520605e+05
2.935434835524786195e+02 3.965533915020170996e-03 -3.322121134714495856e+05
2.944751741536458098e+02 -3.690799077351888165e-03 -3.322121211277825641e+05
2.954482252003691087e+02 -2.711918554645525916e-03 -3.322121201489020605e+05
2.966191439241976582e+02 1.383359845097477912e-03 -3.322121160536236712e+05
2.975436729592499319e+02 -6.870312723148265608e-04 -3.322121181240147562e+05
2.984776994293811185e+02 -2.407284084228648782e-03 -3.322121198442676105e+05
2.994198339288885222e+02 5.406017556334987350e-04 -3.322121168963817763e+05
3.004837863000525431e+02 -5.154487189896609853e-03 -3.322121225914707175e+05
3.015858598528287189e+02 -4.531358724704941110e-03 -3.322121219683422241e+05
3.024896663857377348e+02 -1.087323511572188973e-03 -3.322121185243070358e+05
3.035337267850352418e+02 4.104318520312464150e-03 -3.322121133326650015e+05
3.045119515578373921e+02 1.359440055597576844e-02 -3.322121038425829611e+05
3.054892557779947992e+02 -2.363203465938568028e-03 -3.322121198001869489e+05
3.065723870171440808e+02 -3.312916225857204851e-03 -3.322121207498997101e+05
3.075180705795939957e+02 -7.925155156018727151e-03 -3.322121253621386713e+05
3.084803577984950493e+02 3.823539083318192987e-03 -3.322121136134444387e+05
3.095415898740681087e+02 -1.086438746234170798e-02 -3.322121283013709472e+05
3.104895509168836725e+02 -4.251028762923346580e-04 -3.322121178620863939e+05
3.114472839189160140e+02 -1.880131722795865858e-03 -3.322121193171152263e+05
3.125285603750522228e+02 2.854624056515201423e-03 -3.322121145823594416e+05
3.135236104329426894e+02 8.205674397639738452e-03 -3.322121092313090921e+05
3.145321647667810794e+02 1.230385723143723143e-03 -3.322121162065977696e+05
3.155500009994060520e+02 -4.030146096882067548e-03 -3.322121214671296184e+05
3.165177958170572765e+02 4.312270217471652657e-03 -3.322121131247133017e+05
3.174846285306490472e+02 -7.160389816368018835e-03 -3.322121245973733021e+05
3.185176672363281227e+02 8.838363011678059683e-03 -3.322121085986205144e+05
3.195199706829814090e+02 -1.113972451427195368e-04 -3.322121175483807456e+05
3.205470688680484841e+02 1.146649097345268063e-02 -3.322121059704925283e+05
3.214399524035754325e+02 -2.969682395637214360e-03 -3.322121204066658975e+05
3.224962051498306437e+02 7.752472565168544829e-04 -3.322121166617362760e+05
3.235237240261501483e+02 -6.051327619287703158e-03 -3.322121234883111320e+05
3.244555539999942084e+02 9.064510951056325289e-03 -3.322121083724725759e+05
3.255214985469807516e+02 -1.231623256308400768e-03 -3.322121186686067376e+05
3.264610651568636968e+02 4.592417774956083034e-04 -3.322121169777417090e+05
3.274537945737932887e+02 3.387558578264595211e-03 -3.322121140494249412e+05
3.285006025567973893e+02 -1.470630044607510074e-03 -3.322121189076135634e+05
3.295990970270420348e+02 -2.030701333591285445e-03 -3.322121194676848245e+05
3.305373947411252971e+02 -2.953508792564882735e-03 -3.322121203904923168e+05
3.315443827784338851e+02 4.821041388105052304e-03 -3.322121126159421401e+05
3.324368346683562550e+02 -4.775285405456704442e-03 -3.322121222122689360e+05
3.334854715036791504e+02 3.513865384636615224e-03 -3.322121139231181005e+05
3.345037191747649672e+02 -4.072936892832520681e-03 -3.322121215099203982e+05
3.355103363011741635e+02 -8.816445557553869187e-04 -3.322121183186280541e+05
3.364178658774621908e+02 -2.197677330265666688e-03 -3.322121196346608340e+05
3.374052522720829188e+02 8.506792206918039126e-03 -3.322121089301913162e+05
3.384985564148541926e+02 -2.576722103415183575e-03 -3.322121200137056294e+05
3.394711070873119070e+02 -3.817698101938506584e-04 -3.322121178187532932e+05
3.404780892409847297e+02 -1.734231488179352335e-03 -3.322121191712149885e+05
3.414884819555534818e+02 -6.467515514010475312e-04 -3.322121180837350548e+05
3.425292686637435509e+02 -4.266188373128090676e-03 -3.322121217031718697e+05
3.435026922173838670e+02 4.627925812582862723e-03 -3.322121128090576967e+05
3.445873051396122833e+02 -2.910433771303796036e-03 -3.322121203474172507e+05
3.455438014842845860e+02 5.997640483173323663e-03 -3.322121114393430180e+05
3.464979588190714708e+02 -9.123589067409435547e-04 -3.322121183493424323e+05
3.473751363966200074e+02 6.136709617243872724e-04 -3.322121168233125354e+05
3.484683138699001574e+02 -2.954980532328287633e-03 -3.322121203919640393e+05
3.495076392113745669e+02 1.009589165344938600e-05 -3.322121174268876202e+05
3.504566196326053387e+02 -1.998322299032500443e-03 -3.322121194353058236e+05
3.515206238598024697e+02 1.985257115664572792e-03 -3.322121154517263640e+05
3.525601145426432481e+02 1.204666164186265782e-03 -3.322121162323173485e+05
3.534642785713497801e+02 -9.787157430487163166e-04 -3.322121184156992240e+05
3.543979239021626313e+02 -5.574367548290052026e-04 -3.322121179944202886e+05
3.554268261424282400e+02 3.492434819539388165e-03 -3.322121139445487061e+05
3.564833319981892714e+02 -6.849374622106552124e-03 -3.322121242863581283e+05
3.574650285396618301e+02 4.456546922393192674e-03 -3.322121129804365919e+05
3.584779816056254163e+02 -5.286362535672677401e-03 -3.322121227233460522e+05
3.595260857171743964e+02 -1.572334716449876740e-03 -3.322121190093182377e+05
3.605048211904672257e+02 1.164783015210404298e-03 -3.322121162722004810e+05
3.615443075710547873e+02 1.508156331987644269e-03 -3.322121159288272029e+05
3.625052233161236472e+02 -7.483785466630329605e-03 -3.322121249207689543e+05
3.635354059007432852e+02 2.026654228016182020e-03 -3.322121154103292502e+05
3.645086746302616802e+02 6.160052020666407016e-03 -3.322121112769314786e+05
3.654913578879069860e+02 -5.056996063645837099e-03 -3.322121224939795793e+05
3.664656391226367873e+02 9.618413783771135586e-04 -3.322121164751421311e+05
3.675135060058317436e+02 -1.279452998016132994e-03 -3.322121187164364965e+05
3.684766199593591978e+02 -7.163940656064736760e-04 -3.322121181533775525e+05
3.694990757533482224e+02 8.202588274365379614e-03 -3.322121092343952041e+05
3.704602275240248446e+02 1.469143922778143405e-03 -3.322121159678396070e+05
3.715433140610203395e+02 1.873349300538650671e-03 -3.322121155636342010e+05
3.725261336853182570e+02 -2.812129243942921002e-03 -3.322121202491127769e+05
3.734999362660103088e+02 2.384200658387337652e-03 -3.322121150527828722e+05
3.744204982939220372e+02 3.439296711058843856e-03 -3.322121139976867707e+05
3.754980766669853551e+02 5.295401797705875241e-03 -3.322121121415817179e+05
3.764619036639178375e+02 6.724670786916474123e-03 -3.322121107123127440e+05
3.774796233967663852e+02 5.003550287448998551e-05 -3.322121173869480263e+05
3.784718971800005534e+02 4.985108900298342201e-03 -3.322121124518745928e+05
3.794238277207936676e+02 -9.245630394807188152e-03 -3.322121266826139181e+05
3.804993567745115115e+02 -3.682387526201438398e-03 -3.322121211193710333e+05
3.815373202416204776e+02 1.904772558519917053e-03 -3.322121155322109698e+05
3.824890336369685429e+02 -3.284617069419252123e-03 -3.322121207216006005e+05
3.834790100906834596e+02 5.749212860157995250e-04 -3.322121168620622484e+05
3.844884957918556552e+02 -6.155298602196477599e-04 -3.322121180525133386e+05
3.855057954576280395e+02 6.254975442533139982e-04 -3.322121168114859611e+05
3.865485107229334858e+02 -2.392359461819461297e-03 -3.322121198293429916e+05
3.875249259111550373e+02 -2.619149028391077987e-03 -3.322121200561325531e+05
3.885145661941682533e+02 9.211208844425701481e-03 -3.322121082257746602e+05
3.894827854551118094e+02 -1.445752793344958105e-03 -3.322121188827363076e+05
3.905609521511456705e+02 -1.797710731832173094e-03 -3.322121192346942262e+05
3.914643892367210469e+02 -4.284040932589498925e-04 -3.322121178653875832e+05
3.925422725430698279e+02 6.009936883577356908e-04 -3.322121168359898147e+05
3.934659104206152733e+02 1.812825188834286212e-03 -3.322121156241582939e+05
3.944703835986909439e+02 7.535052441415332871e-04 -3.322121166834782343e+05
3.954926843475877263e+02 -1.465929530517399689e-03 -3.322121189029130619e+05
3.965264661139701730e+02 1.235405078430444831e-03 -3.322121162015784066e+05
3.975363285533168778e+02 -3.705841198302151692e-03 -3.322121211428247043e+05
3.984638304371335948e+02 -2.456473149979168658e-03 -3.322121198934566346e+05
3.994572929486836301e+02 3.072644659010424165e-03 -3.322121143643388641e+05
4.005324602762858035e+02 4.048415770133336096e-03 -3.322121133885677555e+05
4.015055226045496397e+02 -1.313972122528973786e-03 -3.322121187509556185e+05
4.024388854617164384e+02 -1.393932553510817329e-03 -3.322121188309160643e+05
4.034904533054517515e+02 -6.665268286030841174e-04 -3.322121181035103509e+05
4.044608479405308685e+02 -1.502276842927073607e-04 -3.322121175872111926e+05
4.054744532194068825e+02 -3.195078842502703520e-04 -3.322121177564914105e+05
4.064128923615651274e+02 -2.943490062520316610e-03 -3.322121203804735560e+05
4.074642171223958371e+02 7.623763777251936838e-03 -3.322121098132197512e+05
4.084370497483473628e+02 -3.827960430047450818e-03 -3.322121212649439112e+05
4.095025956449453020e+02 -3.492793144538388749e-03 -3.322121209297766327e+05
4.104907181777793994e+02 2.553545953842579087e-03 -3.322121148834375781e+05
4.114954579162597383e+02 7.967439790566762650e-05 -3.322121173573090928e+05
4.125360181254725376e+02 -3.008296092351277489e-04 -3.322121177378130960e+05
4.135150841309545626e+02 3.532576514498764718e-03 -3.322121139044070151e+05
4.144992423809056845e+02 -4.463693254329835318e-03 -3.322121219006767496e+05
4.155068847288013671e+02 -4.421748726616078588e-03 -3.322121218587322510e+05
4.164663196241999117e+02 -2.392273590746653734e-03 -3.322121198292570771e+05
4.174821907807536832e+02 4.122835281896662304e-03 -3.322121133141482132e+05
4.185206582247636788e+02 -6.700718333955445367e-03 -3.322121241377018159e+05
4.195874403458208803e+02 -4.389601045162790094e-03 -3.322121218265845673e+05
4.204764736399931166e+02 6.761171069799684543e-04 -3.322121167608664255e+05
4.214582753261614698e+02 -1.440627499651156267e-03 -3.322121188776110066e+05
4.224842243130359520e+02 -2.045657498266560594e-03 -3.322121194826409919e+05
4.234814423058420516e+02 -4.496361821743067623e-03 -3.322121219333453337e+05
4.245131793244515279e+02 -1.451526384073629746e-03 -3.322121188885098672e+05
4.254657233445403222e+02 4.488068038155981418e-03 -3.322121129489154555e+05
4.265292528583352123e+02 1.197259478847750728e-03 -3.322121162397240405e+05
4.275070749918619981e+02 4.712086811400296657e-03 -3.322121127248966950e+05
4.284849099260035814e+02 1.145744517566711900e-03 -3.322121162912389846e+05
4.295516463164311176e+02 -7.425716728161853904e-04 -3.322121181795551674e+05
4.305345670729041672e+02 9.782858413281581445e-04 -3.322121164586976520e+05
4.314534352620442519e+02 2.840773668140172958e-04 -3.322121171529061394e+05
4.324549879916878581e+02 1.304671312718428455e-05 -3.322121174239367829e+05
4.335630315826372794e+02 2.472694695248086206e-04 -3.322121171897140448e+05
4.345512480314787354e+02 7.776877364596804535e-04 -3.322121166592957452e+05
4.355203373152325526e+02 -6.353142489103457378e-03 -3.322121237901260029e+05
4.365389403140906097e+02 8.194977135369272206e-04 -3.322121166174857644e+05
4.374713275739214282e+02 1.307726889725789945e-03 -3.322121161292566103e+05
4.384877209455487446e+02 5.175920813730832369e-03 -3.322121122610627208e+05
4.395152047308743590e+02 -4.734543605624693535e-03 -3.322121221715271240e+05
4.405319706545037661e+02 -3.378603417994612435e-03 -3.322121208155869390e+05
4.414746956347127025e+02 6.937495630500331752e-03 -3.322121104994878988e+05
4.424820257822672716e+02 -3.594414464065006677e-03 -3.322121210313979536e+05
4.434870689755394437e+02 -1.113852148964291451e-03 -3.322121185508356430e+05
4.444416820910549859e+02 1.858463213425274067e-03 -3.322121155785202864e+05
4.455068340295032954e+02 1.625142047245649009e-03 -3.322121158118414460e+05
4.465450056336766806e+02 1.186379104209460715e-03 -3.322121162506043911e+05
4.474953855094262849e+02 -1.531530066398577522e-03 -3.322121189685135614e+05
4.485007881164550554e+02 1.257004423273934282e-03 -3.322121161799790571e+05
4.495335729655711816e+02 -1.209491761823961592e-03 -3.322121186464752536e+05
4.505371015289260868e+02 -6.192239410674090644e-03 -3.322121236292229150e+05
4.515255129254601343e+02 -6.394306459038505766e-03 -3.322121238312899368e+05
4.524951716775426007e+02 1.217281376874005408e-04 -3.322121173152553965e+05
4.535078196256354772e+02 1.381172289688621354e-03 -3.322121160558112315e+05
4.544763220398869521e+02 3.293668554855551074e-04 -3.322121171076166793e+05
4.554856799732555146e+02 -1.418595512708028085e-03 -3.322121188555789995e+05
4.565182484747136868e+02 3.473950435428557748e-03 -3.322121139630330727e+05
4.574827820166152605e+02 -3.263361313763786867e-03 -3.322121207003447926e+05
4.585480114286414732e+02 -6.834824298049947764e-04 -3.322121181204659515e+05
4.595421679250176226e+02 6.296991187835407865e-04 -3.322121168072844157e+05
4.604341144569174844e+02 3.261778377792210176e-03 -3.322121141752051190e+05
4.614815871863613097e+02 -1.960848900755095411e-04 -3.322121176330684102e+05
4.625288024652199397e+02 3.017347326369884653e-04 -3.322121171352487872e+05
4.635044343452514681e+02 2.388874879864414432e-03 -3.322121150481086224e+05
4.645121446240767682e+02 -1.862462392279025294e-03 -3.322121192994458834e+05
4.655088482972091697e+02 1.310852512849115760e-03 -3.322121161261309753e+05
4.665074164240614891e+02 -9.126421040708914117e-04 -3.322121183496256126e+05
4.675289548422403527e+02 -4.497139158264258293e-03 -3.322121219341226388e+05
4.684749123569334301e+02 -1.561986285991574840e-03 -3.322121189989697887e+05
4.694914415757432948e+02 -1.160408524300554720e-03 -3.322121185973920510e+05
4.704875651127150036e+02 1.953118822487796401e-03 -3.322121154838646762e+05
4.715292225659378005e+02 3.520564658208914354e-03 -3.322121139164188644e+05
4.724749591064453398e+02 -4.211624066034952755e-04 -3.322121178581459098e+05
4.735222387466838541e+02 -1.095445238970180245e-03 -3.322121185324287508e+05
4.744616851806640625e+02 -4.330708756801765306e-03 -3.322121217676922679e+05
4.754386366752729032e+02 1.313729451049486198e-03 -3.322121161232540617e+05
4.764716984503659774e+02 2.487571183484151103e-03 -3.322121149494122947e+05
4.774597114114200167e+02 2.382099628448486328e-03 -3.322121150548838777e+05
4.784998662429304659e+02 3.603800865833389246e-03 -3.322121138331826660e+05
4.795276732959335391e+02 -7.760326353480203991e-03 -3.322121251973098842e+05
4.805445301458027529e+02 4.641959470221799187e-03 -3.322121127950240625e+05
4.815542643151808875e+02 3.137330742994339904e-03 -3.322121142996527487e+05
4.825791772614484785e+02 -1.049419544028036165e-03 -3.322121184864030220e+05
4.835348145679761274e+02 6.317991723296462886e-03 -3.322121111189918010e+05
4.845527369694806339e+02 -5.509510979431130398e-03 -3.322121229464944918e+05
4.855081309544220858e+02 1.830593926912652252e-03 -3.322121156063895905e+05
4.864904309151521034e+02 5.723760898621454854e-04 -3.322121168646074366e+05
4.874924288379902464e+02 -4.051431861458992660e-04 -3.322121178421266959e+05
4.884710235405206618e+02 2.640831634197639884e-03 -3.322121147961518727e+05
4.895182814667190314e+02 1.876080237724930691e-03 -3.322121155609032721e+05
4.905174580468071781e+02 1.308212677637736075e-03 -3.322121161287708092e+05
4.914893036918279563e+02 2.952046079030725377e-03 -3.322121144849374541e+05
4.925139686085041149e+02 -4.488675700772530412e-03 -3.322121219256591867e+05
4.935229412609067481e+02 2.327349206471648630e-03 -3.322121151096342946e+05
4.945838425388539576e+02 -3.379798303153874230e-03 -3.322121208167818259e+05
4.955257912938616869e+02 5.650698745988888723e-03 -3.322121117862847750e+05
4.965664383594619835e+02 2.650684679434196344e-03 -3.322121147862988291e+05
4.975033603180258410e+02 1.076579018816980994e-03 -3.322121163604044705e+05
4.984479542822386975e+02 -2.543975761280724193e-03 -3.322121199809592799e+05
4.994945792230431039e+02 -8.758502305993711530e-04 -3.322121183128337143e+05
5.004870569866487244e+02 3.643580042276551179e-03 -3.322121137934034923e+05
5.014240523428287020e+02 2.453922175761288644e-03 -3.322121149830613285e+05
5.024379234535492174e+02 -2.797628252071508986e-03 -3.322121202346117352e+05
5.034712995377378775e+02 6.074505006290774334e-03 -3.322121113624785212e+05
5.044896614736617835e+02 -2.519245289232088618e-03 -3.322121199562288239e+05
5.054814332326253066e+02 1.239902540749194529e-03 -3.322121161970809917e+05
5.065009290534497950e+02 4.002075346689375895e-03 -3.322121134349081549e+05
5.075019812474354808e+02 7.706795547016340436e-04 -3.322121166663039476e+05
5.084713763916155926e+02 2.876849715299282378e-03 -3.322121145601337776e+05
5.094933748200465971e+02 1.804660463556997073e-03 -3.322121156323230243e+05
5.105135109003559251e+02 2.400858399760885057e-03 -3.322121150361251202e+05
5.115455513451398133e+02 -3.494496041155876163e-03 -3.322121209314795560e+05
5.124789323161419361e+02 3.455222997450290746e-03 -3.322121139817605144e+05
5.135327773266815257e+02 1.833930146530475145e-03 -3.322121156030533602e+05
5.144417108927231084e+02 3.509154486343850181e-03 -3.322121139278290211e+05
5.154855176774182155e+02 -6.234796140900874216e-03 -3.322121236717796419e+05
5.165229121072543421e+02 -2.438422781895607273e-03 -3.322121198754062643e+05
5.175320687625377332e+02 -8.664667536148053066e-04 -3.322121183034502319e+05
5.185239229591943513e+02 -3.932149179520145511e-03 -3.322121213691327139e+05
5.195931252694797422e+02 5.596177647363870765e-03 -3.322121118408058537e+05
5.205497605942234713e+02 -3.847606832330877340e-03 -3.322121212845903356e+05
5.214550550861779357e+02 3.554388482673104515e-03 -3.322121138825950329e+05
5.224571817758920815e+02 4.395663201271950669e-03 -3.322121130413202918e+05
5.234849283710003647e+02 -2.356354627842955208e-04 -3.322121176726189442e+05
5.244528010002920837e+02 -3.983700386831693155e-03 -3.322121214206839213e+05
5.254763702613034866e+02 -4.978151882396024408e-03 -3.322121224151353817e+05
5.265563954035441157e+02 3.475613643725713152e-03 -3.322121139613698469e+05
5.274855454518244642e+02 -1.231588996373690192e-03 -3.322121186685725115e+05
5.284743351264287412e+02 -1.876090463642572648e-03 -3.322121193130739848e+05
5.294813449313571709e+02 5.721813923603779467e-03 -3.322121117151695653e+05
5.305649974498113579e+02 2.411810610836263424e-03 -3.322121150251728832e+05
5.315357806878051861e+02 -1.607190763022041152e-04 -3.322121175977025996e+05
5.325584145883412930e+02 1.673148350837903170e-03 -3.322121157638351433e+05
5.335050624906660914e+02 -1.273385512786099532e-03 -3.322121187103690463e+05
5.345024610114819552e+02 -9.731334869307700598e-04 -3.322121184101169929e+05
5.355080454341700715e+02 -4.851031173122384924e-03 -3.322121222880146815e+05
5.365001953781292059e+02 -1.902709596900529695e-03 -3.322121193396931048e+05
5.374891548118781657e+02 -4.568262717024010496e-03 -3.322121220052462304e+05
5.384930285715917080e+02 1.482128121002375745e-03 -3.322121159548553987e+05
5.394577575668331519e+02 -4.506675622915738873e-03 -3.322121219436591491e+05
5.404853809364213930e+02 -5.349658650054029026e-03 -3.322121227866421686e+05
5.415522127747211698e+02 -2.315056576539743696e-03 -3.322121197520400747e+05
5.425193782124949848e+02 -6.650802070484196100e-04 -3.322121181020637159e+05
5.434581288809728221e+02 -3.720741982411856792e-03 -3.322121211577255162e+05
5.444424986883692554e+02 -1.290694517352283625e-03 -3.322121187276780256e+05
5.455214780699839139e+02 2.525923731989753764e-03 -3.322121149110597908e+05
5.465121519105289281e+02 5.451840538960850673e-04 -3.322121168917994364e+05
5.474921800961431018e+02 -2.292587608858471897e-03 -3.322121197295711027e+05
5.485221858892000455e+02 3.892555583777563850e-03 -3.322121135444279062e+05
5.495126951381138269e+02 -1.099844887143089671e-03 -3.322121185368283768e+05
5.505426853638899729e+02 -2.396636695786575656e-03 -3.322121198336202069e+05
5.515262352332437104e+02 -3.154255819658861090e-03 -3.322121205912393052e+05
5.524848384462553668e+02 -1.534379542559042827e-03 -3.322121189713630592e+05
5.534982706705728788e+02 -3.119176325171885058e-03 -3.322121205561598181e+05
5.545142671743285518e+02 6.846779530605247776e-04 -3.322121167523055337e+05
5.554692682043298646e+02 -2.163703565473680361e-03 -3.322121196006870596e+05
5.564752811107759953e+02 -1.148077007991815711e-03 -3.322121185850605252e+05
5.575697038714712335e+02 2.780860720705908163e-03 -3.322121146561228088e+05
5.584608530195932872e+02 1.068011793509992960e-03 -3.322121163689717068e+05
5.594848479433998136e+02 3.236333323266222042e-03 -3.322121142006501905e+05
5.604894528636874611e+02 1.906065522834552318e-03 -3.322121155309180031e+05
5.615139734637748461e+02 1.722215620939396719e-03 -3.322121157147678896e+05
5.625564428456817723e+02 5.166854432283485288e-03 -3.322121122701290878e+05
5.635318275497769491e+02 7.383108471560511981e-04 -3.322121166986726457e+05
5.645371231922279094e+02 -8.095277609459644325e-04 -3.322121182465112652e+05
5.655088951718794306e+02 4.970433000228487597e-04 -3.322121169399401988e+05
5.664612697856894101e+02 -2.859257192430267498e-03 -3.322121202962407260e+05
5.675240748087564953e+02 1.495837420225143389e-03 -3.322121159411460976e+05
5.684883247389965391e+02 -1.558109411026087745e-03 -3.322121189950929256e+05
5.694918329391621228e+02 -3.545958680591547625e-03 -3.322121209829421714e+05
5.705109955796531267e+02 3.319910169324015881e-03 -3.322121141170733608e+05
5.714567407906685048e+02 1.542244475123747110e-03 -3.322121158947390504e+05
5.724726464752822039e+02 -2.554060582564085871e-03 -3.322121199910441064e+05
5.734938577244424778e+02 -6.014884027660402036e-04 -3.322121180384719046e+05
5.745256167785432808e+02 1.174703557754637484e-04 -3.322121173195131705e+05
5.754539749771090555e+02 -3.006874983748437837e-03 -3.322121204438584973e+05
5.765304135094554567e+02 -4.528464447141318061e-04 -3.322121178898299695e+05
5.774914862171757477e+02 -2.248391461142389657e-03 -3.322121196853749570e+05
5.784604286392794847e+02 2.112959234647517753e-03 -3.322121153240242857e+05
5.795017482295180571e+02 1.321614014379905938e-03 -3.322121161153694848e+05
5.805447616577148438e+02 6.153029600779215402e-03 -3.322121112839538837e+05
5.815173053374992378e+02 -3.216587940924558239e-03 -3.322121206535714446e+05
5.824436134768523061e+02 -8.938709894816080368e-04 -3.322121183308545151e+05
5.834821161326476613e+02 -1.954039843273565422e-03 -3.322121193910233560e+05
5.845104555309328589e+02 -1.492292656857743208e-03 -3.322121189292761846e+05
5.855434650691447587e+02 -5.733624056548620269e-04 -3.322121180103459046e+05
5.865566082870751643e+02 8.484787193306705803e-05 -3.322121173521356541e+05
5.874828784090258296e+02 -1.083644100161262457e-03 -3.322121185206276132e+05
5.884470447059768503e+02 2.216124187296235684e-03 -3.322121152208592976e+05
5.894777800159105254e+02 -3.702425964507359253e-05 -3.322121174740077695e+05
5.905057530433126658e+02 2.641668431092679577e-03 -3.322121147953150794e+05
5.915517330747661617e+02 1.301305402408946656e-03 -3.322121161356780794e+05
5.924837013818884088e+02 -1.947546902523245894e-03 -3.322121193845304078e+05
5.934781556798856172e+02 -2.319726961663127422e-03 -3.322121197567104828e+05
5.944503776190792905e+02 4.068985451370426068e-03 -3.322121133679980412e+05
5.954721241461013506e+02 -1.064895520913542934e-03 -3.322121185018790420e+05
5.965106992877344965e+02 -1.739757529420831589e-03 -3.322121191767410492e+05
5.974629018121769377e+02 -5.527571135876225422e-03 -3.322121229645546409e+05
5.984684573253953204e+02 -9.869319846831172988e-04 -3.322121184239154682e+05
5.995067804791600565e+02 8.997505187181450666e-05 -3.322121173470084323e+05
6.005025839337084790e+02 1.232271133156628362e-03 -3.322121162047123653e+05
6.014509049583166416e+02 -1.974945505079243109e-04 -3.322121176344780833e+05
6.024899660834355473e+02 4.915384901221482930e-05 -3.322121173878296395e+05
6.034943725585937955e+02 -5.513705147637261612e-03 -3.322121229506886448e+05
6.044773107458044024e+02 5.411565254745169529e-03 -3.322121120254182606e+05
6.054592978337541354e+02 2.418866695439643791e-03 -3.322121150181168341e+05
6.064779794702033087e+02 1.360560574614417921e-03 -3.322121160764229135e+05
6.075033541849907124e+02 -2.864067391317675184e-04 -3.322121177233902272e+05
6.084928037003719510e+02 -9.288528971546768055e-04 -3.322121183658363880e+05
6.095143042831211915e+02 3.264370282289978231e-03 -3.322121141726132482e+05
6.104997855944511684e+02 -5.269216376372232169e-03 -3.322121227061998798e+05
6.115017252493895512e+02 1.613864730690229904e-03 -3.322121158231187728e+05
6.124931169941987719e+02 -1.483896413347722976e-03 -3.322121189208799042e+05
6.135030570081485166e+02 9.776478074028829412e-04 -3.322121164593357244e+05
6.144560226349370851e+02 1.845441307659750722e-03 -3.322121155915422132e+05
6.154621392420900747e+02 -2.983699670274061327e-03 -3.322121204206831753e+05
6.164976161916143838e+02 -2.393356559846317871e-03 -3.322121198303400888e+05
6.175553747792799868e+02 9.659247988516485176e-04 -3.322121164710586891e+05
6.185080880194353767e+02 3.602293517691957346e-03 -3.322121138346900116e+05
6.194979126155814129e+02 -1.286446347985848696e-04 -3.322121175656281412e+05
6.205247860211427451e+02 -6.436968776320841322e-03 -3.322121238739523105e+05
6.214750809084390539e+02 3.250815902931102931e-03 -3.322121141861676006e+05
6.224794751465856280e+02 4.451841260123104481e-04 -3.322121169917993830e+05
6.235085995218565813e+02 1.836895846005677253e-03 -3.322121156000876799e+05
6.244808002048068829e+02 9.595148472322358266e-04 -3.322121164774686331e+05
6.254739437590761781e+02 -2.049584512310010948e-03 -3.322121194865680300e+05
6.264956007290236357e+02 9.051540395715734766e-04 -3.322121165318294661e+05
6.275177915835949989e+02 3.494933717887708027e-03 -3.322121139420497930e+05
6.285331874125067770e+02 -1.856418282773013425e-03 -3.322121192934017745e+05
6.295202912647062021e+02 2.653035465748813417e-03 -3.322121147839480545e+05
6.304952319707625747e+02 4.734181058712494568e-03 -3.322121127028024639e+05
6.314802794807683313e+02 1.341495354608233026e-03 -3.322121160954881343e+05
6.324937385627815729e+02 3.990399825561034407e-04 -3.322121170379435061e+05
6.334551654321759315e+02 2.390692385103420324e-03 -3.322121150462911464e+05
6.345446427791176802e+02 -2.530156454872853778e-03 -3.322121199671399663e+05
6.355364984467273644e+02 -3.070142700916200177e-03 -3.322121205071262084e+05
6.364903908306862377e+02 -3.820077665559538319e-03 -3.322121212570611970e+05
6.375331174240899372e+02 5.618593537111052534e-03 -3.322121118183899671e+05
6.385155324696462458e+02 -2.513673708036348424e-03 -3.322121199506571866e+05
6.394899717778931745e+02 -4.007535644724399305e-03 -3.322121214445191436e+05
6.405400133138600722e+02 -9.744481347201720215e-04 -3.322121184114316129e+05
6.414697595294281882e+02 -1.954484830623248823e-03 -3.322121193914683536e+05
6.424617606851671781e+02 -1.783417316163282218e-03 -3.322121192204008112e+05
6.434994788100203778e+02 -2.623464956701514281e-03 -3.322121200604484766e+05
6.445019363990196553e+02 1.183290416613603244e-03 -3.322121162536930642e+05
6.455028879197977858e+02 -1.791468279509894667e-03 -3.322121192284518038e+05
6.465194160360596243e+02 3.512981529627952695e-03 -3.322121139240019838e+05
6.474883870254328713e+02 -7.214972082479501145e-05 -3.322121175091332407e+05
6.484736593054982450e+02 -2.257613012062952527e-03 -3.322121196945965057e+05
6.495049280102811053e+02 -1.662184491919762230e-03 -3.322121190991679905e+05
6.504733131479183612e+02 -3.385117440335531913e-04 -3.322121177754952223e+05
6.514616142443261424e+02 1.441837935748986176e-03 -3.322121159951455775e+05
6.524839450463898629e+02 -7.781144160734836340e-05 -3.322121175147949252e+05
6.535014942956348705e+02 2.010715953887454860e-03 -3.322121154262675554e+05
6.545120562877239081e+02 1.687203612283011368e-03 -3.322121157497799140e+05
6.555464379956459879e+02 -3.231244928696576108e-03 -3.322121206682284246e+05
6.565024528615285817e+02 2.433864298920244452e-03 -3.322121150031192228e+05
6.574853631052029641e+02 2.152444554024002341e-03 -3.322121152845389443e+05
6.584774712456596717e+02 -1.956131187247862457e-03 -3.322121193931146991e+05
6.594902480170418357e+02 4.682149982968689984e-03 -3.322121127548335353e+05
6.604916239533811222e+02 -2.248134042424925654e-04 -3.322121176617969177e+05
6.615334852399869305e+02 -1.093214903122339404e-03 -3.322121185301984078e+05
6.624399634564557573e+02 -2.113840838204933924e-03 -3.322121195508243400e+05
6.634517927656037273e+02 -3.442647261006908429e-03 -3.322121208796307910e+05
6.644969832546026964e+02 -6.398776904267188155e-03 -3.322121238357604016e+05
6.655119569893219023e+02 3.709125389836784130e-03 -3.322121137278581155e+05
6.665593354468252301e+02 -1.277501008757690000e-03 -3.322121187144845026e+05
6.675336076325061185e+02 4.848682050208451971e-03 -3.322121125883014756e+05
6.685160725474869423e+02 1.400340694896823595e-03 -3.322121160366428085e+05
6.694969067851071713e+02 -2.493490617741983550e-03 -3.322121199304741458e+05
6.704995471639758762e+02 -1.474095047635496812e-04 -3.322121175843930105e+05
6.715032347918235018e+02 -1.692562801898931475e-03 -3.322121191295463359e+05
6.724755334663934718e+02 3.730192483320534866e-03 -3.322121137067910167e+05
6.734397129521343004e+02 1.858470166949394934e-03 -3.322121155785133597e+05
6.744638371656590152e+02 -2.259243301480834409e-03 -3.322121196962267859e+05
6.754426754324776994e+02 1.954113793751550109e-03 -3.322121154828697327e+05
6.765188246341488139e+02 3.587409672563004158e-03 -3.322121138495738269e+05
6.775297105577257071e+02 -2.368330176359687792e-03 -3.322121198053137050e+05
6.785213876808370514e+02 1.242756240193773100e-03 -3.322121161942272447e+05
6.794864314540598116e+02 8.224924031101441945e-04 -3.322121166144910967e+05
6.805157242423488242e+02 -1.309191739117657616e-03 -3.322121187461752561e+05
6.815067448307427185e+02 -8.874128656247960928e-04 -3.322121183243963751e+05
6.824826796932910611e+02 -2.264970734473620263e-04 -3.322121176634805743e+05
6.834788840028661525e+02 1.024634566924667546e-03 -3.322121164123489289e+05
6.845079469596619219e+02 -1.015726676702661353e-03 -3.322121184527101577e+05
6.855306747574712745e+02 -1.796893721047528741e-04 -3.322121176166728837e+05
6.865133723237687491e+02 6.020287543942895534e-04 -3.322121168349547661e+05
6.875026894255753405e+02 -2.078966113843117892e-03 -3.322121195159496274e+05
6.885010192742055324e+02 -1.892528204618834338e-03 -3.322121193295117118e+05
6.894737539684281273e+02 2.598711316207523783e-03 -3.322121148382722167e+05
6.904919580334639022e+02 1.003971648009952108e-03 -3.322121164330118336e+05
6.914925261312008615e+02 -3.227311954360892032e-03 -3.322121206642954494e+05
6.924862306886965371e+02 -1.634217024565458917e-03 -3.322121190712005482e+05
6.935223244749469131e+02 1.346043451332751663e-03 -3.322121160909400787e+05
6.944993843334559642e+02 3.959686734010967263e-04 -3.322121170410148334e+05
6.954912950470397845e+02 -9.993044265028698178e-04 -3.322121184362879139e+05
6.964654371385905733e+02 -7.144979454476430535e-03 -3.322121245819629403e+05
6.975356452657283626e+02 2.247915801588808854e-03 -3.322121151890677284e+05
6.985111128194951107e+02 -1.735604584896668391e-03 -3.322121191725881072e+05
6.995113336044125845e+02 1.660943237912923531e-03 -3.322121157760402421e+05
7.005419690271731952e+02 -5.951365055046691725e-04 -3.322121180321199936e+05
7.015648863784909963e+02 2.048748528237730876e-03 -3.322121153882349608e+05
7.025138840394165527e+02 -8.933476821596322316e-04 -3.322121183303311700e+05
7.035129257199847643e+02 1.629974809352349426e-03 -3.322121158070086967e+05
7.044996690411434201e+02 -1.639510835071219044e-03 -3.322121190764943603e+05
7.055019974880161726e+02 4.796746557792730902e-04 -3.322121169573088409e+05
7.065423793916505701e+02 1.289994034443633095e-03 -3.322121161469894578e+05
7.075059820213099329e+02 -1.578026692554691023e-05 -3.322121174527637777e+05
7.084748850917198979e+02 -1.446897320576375553e-04 -3.322121175816732575e+05
7.095092581892861290e+02 1.486967708349091035e-03 -3.322121159500157810e+05
7.105081648789879409e+02 -5.009008956446355833e-03 -3.322121224459924852e+05
7.114856799347231799e+02 -4.668824017198398949e-05 -3.322121174836717546e+05
7.124979579660719082e+02 -1.091078650452115446e-03 -3.322121185280621285e+05
7.134614438657407618e+02 3.000891944508493874e-03 -3.322121144360915641e+05
7.144655859676407772e+02 -2.496183386823009730e-03 -3.322121199331668904e+05
7.154595623696715165e+02 -7.086227594119889200e-04 -3.322121181456062477e+05
7.164951770133350237e+02 -1.064603701060190706e-03 -3.322121185015871888e+05
7.175014506927418552e+02 4.437894536404754877e-04 -3.322121169931940385e+05
7.185531372922735045e+02 5.899552726772787315e-04 -3.322121168470282573e+05
7.195221844841452139e+02 -4.801325761202326382e-03 -3.322121222383092390e+05
7.205164077732343912e+02 3.475213174803418268e-03 -3.322121139617703157e+05
7.214928471706466553e+02 -1.849860261664893358e-03 -3.322121192868437502e+05
7.224811062050736155e+02 4.888597144383818004e-03 -3.322121125483863871e+05
7.235284738734148959e+02 -5.223721697710562682e-04 -3.322121179593557026e+05
7.245241595631629252e+02 -7.986914628886277378e-04 -3.322121182356749778e+05
7.255079654727969682e+02 -2.321735445085588729e-03 -3.322121197587189381e+05
7.265440018216887665e+02 -2.962021678494528368e-03 -3.322121203990051872e+05
7.275126978110151867e+02 2.513259474994146338e-03 -3.322121149237240315e+05
7.284923426139541789e+02 3.563530226415169248e-03 -3.322121138734532869e+05
7.295383997019085882e+02 -2.753006561643508727e-03 -3.322121201899900916e+05
7.305331944988912483e+02 -1.107480491991564122e-03 -3.322121185444639996e+05
7.315112090786872159e+02 4.584299108445038227e-04 -3.322121169785535894e+05
7.325056907963488584e+02 1.021316717178326035e-03 -3.322121164156667655e+05
7.335050722354640129e+02 2.572555573834401678e-03 -3.322121148644279456e+05
7.345469857403827518e+02 -2.186590812071786093e-03 -3.322121196235743118e+05
7.355464125190999312e+02 9.561561196885776234e-05 -3.322121173413678771e+05
7.365137126050748293e+02 -6.231292838275861523e-04 -3.322121180601128144e+05
7.374943241450695268e+02 -2.680818529050365325e-03 -3.322121201178020565e+05
7.385406347584232662e+02 1.293741636923280772e-03 -3.322121161432418739e+05
7.395159306763624727e+02 -3.861958057334287462e-03 -3.322121212989415508e+05
7.405117946862210374e+02 2.609141654834628947e-03 -3.322121148278418696e+05
7.415094120656075347e+02 3.752521974365918226e-03 -3.322121136844615103e+05
7.424841395702094360e+02 -9.943154327210397287e-04 -3.322121184312989353e+05
7.435066246073082539e+02 -1.894389510785461032e-04 -3.322121176264224341e+05
7.445252523815454424e+02 -1.821939600503595484e-03 -3.322121192589231068e+05
7.455107277792008063e+02 3.490300517264610918e-03 -3.322121139466830064e+05
7.465286482306802327e+02 -2.445618311564127460e-03 -3.322121198826018372e+05
7.475307234101736640e+02 -2.587558433762362185e-03 -3.322121200245419168e+05
7.484868809586864700e+02 2.296317095136911780e-03 -3.322121151406664285e+05
7.494645306698911327e+02 -2.861548382956702590e-03 -3.322121202985318960e+05
7.504638922399014973e+02 3.351700116419287857e-05 -3.322121174034664873e+05
7.514881625677750208e+02 -7.701994376617687542e-04 -3.322121182071829680e+05
7.524523619633571343e+02 -1.009681801887074874e-03 -3.322121184466652921e+05
7.534762455686031899e+02 1.451484227584580152e-03 -3.322121159854992875e+05
7.545006997751635254e+02 3.935050594714260960e-04 -3.322121170434784726e+05
7.554989388430559529e+02 1.268682242543609038e-03 -3.322121161683012615e+05
7.564721605411913288e+02 1.209774976054196717e-03 -3.322121162272085203e+05
7.574650521627286253e+02 2.134006701400680082e-03 -3.322121153029768029e+05
7.584996951485601357e+02 -1.319669179870310580e-03 -3.322121187566526933e+05
7.594868090794145701e+02 -2.356113217140189467e-03 -3.322121197930967319e+05
7.604845768580167942e+02 -2.016509302888815254e-03 -3.322121194534928072e+05
7.615035362283019822e+02 5.890970013582054465e-04 -3.322121168478865293e+05
7.625031227097377950e+02 -1.037882997977408132e-03 -3.322121184748664964e+05
7.634890885800195974e+02 1.356191978875362968e-06 -3.322121174356273259e+05
7.644964107909352151e+02 -7.667300597708804916e-04 -3.322121182037135586e+05
7.655035211182436115e+02 -4.828892480191064097e-04 -3.322121179198727477e+05
7.665023201251851788e+02 8.241440601275798515e-04 -3.322121166128394543e+05
7.675063734477322441e+02 4.758377492462140777e-03 -3.322121126786060049e+05
7.684779686442794855e+02 -9.645130579085028216e-04 -3.322121184014965547e+05
7.694794899173599561e+02 1.739558302525522201e-03 -3.322121156974252081e+05
7.705176240158490373e+02 1.587762837752396475e-03 -3.322121158492206596e+05
7.714958863205575881e+02 -4.952440276922649752e-04 -3.322121179322275566e+05
7.724980947961769289e+02 8.709226776079002040e-05 -3.322121173498912249e+05
7.735109087003627337e+02 -3.935601935968755134e-03 -3.322121213725854177e+05
7.744531739018632379e+02 -4.084154251576255917e-03 -3.322121215211377712e+05
7.754918027310758362e+02 1.045561373770773853e-03 -3.322121163914221106e+05
7.765141868648672698e+02 3.746038092706436532e-04 -3.322121170623797225e+05
7.774694165172472822e+02 -2.709972923570643302e-03 -3.322121201469564112e+05
7.784825699484559891e+02 -2.382559420750338665e-06 -3.322121174393660622e+05
7.794840515921542874e+02 6.914611032525580731e-04 -3.322121167455224204e+05
7.804778147773840828e+02 2.066492849542188835e-03 -3.322121153704906465e+05
7.814796681415929243e+02 -2.072989342838613689e-04 -3.322121176442824653e+05
7.824743730199618312e+02 -5.652177365120315041e-04 -3.322121180022012559e+05
7.834885275178556867e+02 -2.558618490987850987e-03 -3.322121199956019991e+05
7.845416054785811184e+02 5.525340649905621185e-04 -3.322121168844494387e+05
7.854683789604249569e+02 -1.202172492358975471e-03 -3.322121186391559895e+05
7.864836717153604013e+02 -1.283424207711759057e-03 -3.322121187204077141e+05
7.874838638634045083e+02 -1.216373849519413125e-03 -3.322121186533573782e+05
7.884869003735058186e+02 3.523830341955930300e-04 -3.322121170846004970e+05
7.894864808502067035e+02 2.166638333156975017e-04 -3.322121172203196911e+05
7.904973556705906503e+02 -1.325517960600876852e-03 -3.322121187625014572e+05
7.915121371779833908e+02 -2.834350461662659727e-03 -3.322121202713339590e+05
7.924960210543960102e+02 -1.605536332770959732e-03 -3.322121190425198292e+05
7.935268830819770756e+02 -2.719532753621944562e-03 -3.322121201565162628e+05
7.945163242810093607e+02 8.620306664460481534e-04 -3.322121165749528445e+05
7.955353136525390028e+02 2.776107797387808440e-03 -3.322121146608756972e+05
7.965225823121286339e+02 2.228976654778021813e-04 -3.322121172140858253e+05
7.975140297896122092e+02 1.331548869438061366e-03 -3.322121161054346594e+05
7.985005001733311474e+02 -1.658004055668026427e-03 -3.322121190949875745e+05
7.995459426711868218e+02 7.121583840271851137e-04 -3.322121167248251149e+05
8.004842916548163885e+02 -9.891325557155146095e-04 -3.322121184261160670e+05
8.015052409017143873e+02 1.154404828216321847e-03 -3.322121162825786741e+05
8.024692111862040065e+02 1.028867773054049689e-04 -3.322121173340967507e+05
8.034887106025933008e+02 1.006015579270295871e-03 -3.322121164309679298e+05
8.045226985722341624e+02 9.672817715956539717e-04 -3.322121164697017521e+05
8.054977710529268506e+02 -3.620022119065804934e-04 -3.322121177989857388e+05
8.065184008339033426e+02 -2.283207020896658741e-03 -3.322121197201905306e+05
8.075322311098701675e+02 3.026850164715195243e-03 -3.322121144101333339e+05
8.084914019429091923e+02 -9.976839976953276890e-04 -3.322121184346675291e+05
8.094904444882279222e+02 1.913420638145758986e-03 -3.322121155235628830e+05
8.105146663658746320e+02 3.234151044164134152e-04 -3.322121171135684126e+05
8.114772679058336280e+02 -2.418953240404206687e-03 -3.322121198559367331e+05
8.125317357422084115e+02 -1.736886020487395403e-03 -3.322121191738695488e+05
8.135223874198364911e+02 -7.397248591399271499e-04 -3.322121181767083472e+05
8.144984028576716355e+02 -3.122537865486319213e-03 -3.322121205595213687e+05
8.154985669655774245e+02 -2.100458851567021251e-03 -3.322121195374423405e+05
8.165304673459048672e+02 -8.554585103137952572e-04 -3.322121182924419991e+05
8.175327520299071011e+02 3.462435681451494877e-03 -3.322121139745478285e+05
8.185337518623749702e+02 -6.161580675889213356e-04 -3.322121180531415739e+05
8.195073040904641175e+02 8.898975884230955757e-04 -3.322121165470859269e+05
8.204768863032611534e+02 6.376102475198801777e-04 -3.322121167993732379e+05
8.215091234748746274e+02 1.622150856771586774e-03 -3.322121158148326213e+05
8.225425196659078892e+02 -1.276722228784355276e-03 -3.322121187137057423e+05
8.234841176241529865e+02 -2.956138930440376303e-03 -3.322121203931224300e+05
8.245041940742069073e+02 4.675406445231702532e-04 -3.322121169694428681e+05
8.255319190513237118e+02 -1.491685007936669524e-03 -3.322121189286684967e+05
8.265324445692873496e+02 1.583251175959465894e-03 -3.322121158537323354e+05
8.274697651759641985e+02 -3.695202767261151610e-03 -3.322121211321862647e+05
8.284897918462080497e+02 -2.943855436271875393e-03 -3.322121203808389255e+05
8.295086032098013220e+02 -8.769849303421700876e-04 -3.322121183139684144e+05
8.305148695839775428e+02 1.804200932383537292e-03 -3.322121156327825738e+05
8.315206921778072910e+02 -5.126444980351612139e-04 -3.322121179496279801e+05
8.324914341388503090e+02 -1.893621824049651278e-03 -3.322121193306053174e+05
8.334814212419254318e+02 1.295734483958322844e-03 -3.322121161412490183e+05
8.344782824756991886e+02 -9.670004946581609809e-04 -3.322121184039840009e+05
8.355123037835513742e+02 2.690569792549506677e-04 -3.322121171679265099e+05
8.365176133914544607e+02 -4.233574066552014075e-05 -3.322121174793192185e+05
8.375127010971541495e+02 8.398224455418544379e-04 -3.322121165971610462e+05
8.384960296213915854e+02 1.843022480574196473e-03 -3.322121155939610326e+05
8.394838902412542438e+02 -9.568136714204415316e-04 -3.322121183937971946e+05
8.404804369974593783e+02 -1.572865667967782329e-03 -3.322121190098491497e+05
8.414979843808359874e+02 -2.895274379708271967e-03 -3.322121203322578804e+05
8.424837343930379348e+02 -2.699146156048856486e-04 -3.322121177068981342e+05
8.435021531015131586e+02 -2.848553235617456731e-03 -3.322121202855367446e+05
8.444876924630839312e+02 7.927910941606429798e-04 -3.322121166441924288e+05
8.455350411944191364e+02 -3.751036136739351306e-04 -3.322121178120871191e+05
8.465346993083504685e+02 1.843798842895713304e-03 -3.322121155931846588e+05
8.475469469033517953e+02 2.646248520061534118e-03 -3.322121147907350096e+05
8.484902896178680294e+02 5.889944359308374108e-03 -3.322121115470391233e+05
8.494789206980731251e+02 -1.382025843323181303e-04 -3.322121175751860719e+05
8.505299421314048232e+02 -4.127382703639797981e-04 -3.322121178497217479e+05
8.515278797168253959e+02 2.173529868652290722e-03 -3.322121152634536265e+05
8.525186228048984276e+02 -1.306673771522392797e-03 -3.322121187436572509e+05
8.535030747922961609e+02 2.245319857494240722e-04 -3.322121172124515288e+05
8.545215756258400006e+02 -1.814516949397261504e-03 -3.322121192515004659e+05
8.554981340644244483e+02 2.656889161723714559e-04 -3.322121171712945797e+05
8.565098003518992300e+02 2.050476488221455095e-04 -3.322121172319358448e+05
8.574993461793725373e+02 1.905901191029433150e-03 -3.322121155310823233e+05
8.585204718174078380e+02 1.113006192394810955e-03 -3.322121163239773014e+05
8.595475351329762361e+02 -2.061038033000102930e-03 -3.322121194980215514e+05
8.604959767394595929e+02 1.843370497226715088e-03 -3.322121155936130090e+05
8.615051502649195072e+02 -2.118684143887244152e-03 -3.322121195556676248e+05
8.625369482431897268e+02 1.539401820140519220e-03 -3.322121158975816797e+05
8.634947691839098525e+02 -1.576822641007182306e-03 -3.322121190138061647e+05
8.645355686209401256e+02 1.816686149157843494e-03 -3.322121156202973798e+05
8.654856611690979662e+02 3.000521309084908545e-05 -3.322121174069782719e+05
8.665001577836911792e+02 2.050172696506914055e-03 -3.322121153868107940e+05
8.675404775091477632e+02 -9.654889933559454834e-04 -3.322121184024725226e+05
8.684987173992103635e+02 7.558534740906205094e-05 -3.322121173613981809e+05
8.694976296920502818e+02 -1.264694058909353542e-03 -3.322121187016775366e+05
8.705237249558971371e+02 -2.062627796753210754e-03 -3.322121194996113190e+05
8.715283346238479680e+02 8.325307976965810441e-04 -3.322121166044527199e+05
8.725060566905112864e+02 -9.473650817162481146e-05 -3.322121175317200250e+05
8.735289721267636196e+02 3.327203976682744160e-03 -3.322121141097795335e+05
8.745057623121473398e+02 1.681554907311995915e-04 -3.322121172688280349e+05
8.754617527925632885e+02 -1.020970473975164189e-03 -3.322121184579539695e+05
8.764919035355443384e+02 3.755826246226017743e-03 -3.322121136811572360e+05
8.775225501307425020e+02 4.006969796141771170e-05 -3.322121173969138181e+05
8.785010329167251939e+02 -2.497928205880734723e-03 -3.322121199349117232e+05
8.794719907016382194e+02 -1.097007974204241686e-03 -3.322121185339914518e+05
8.804705349361429398e+02 1.366838150176654092e-04 -3.322121173002996948e+05
8.814729622212631739e+02 -1.505308618289411112e-03 -3.322121189422921161e+05
8.824859198898565182e+02 -1.224314214490470525e-03 -3.322121186612977181e+05
8.835173432566233487e+02 -2.841420090392294661e-03 -3.322121202784035704e+05
8.844755400198476991e+02 2.341488675202852310e-04 -3.322121172028346336e+05
8.854848840469288689e+02 4.118937013976851393e-03 -3.322121133180464967e+05
8.865076452425091702e+02 9.306451295472393821e-04 -3.322121165063383523e+05
8.874994011182940312e+02 -2.185102488533295921e-04 -3.322121176554937265e+05
8.884905060783821682e+02 -1.586546534740099082e-03 -3.322121190235300455e+05
8.895055037707102201e+02 -3.579083977640248101e-03 -3.322121210160675109e+05
8.905125238851959466e+02 3.291040422898438341e-03 -3.322121141459430801e+05
8.914995495641881007e+02 -2.213291229373212307e-03 -3.322121196502747480e+05
8.925082929544433910e+02 -2.667382790436302175e-03 -3.322121201043662732e+05
8.935263458524026419e+02 1.048014475721838114e-03 -3.322121163889690069e+05
8.945060475509261551e+02 3.044001972648157500e-03 -3.322121143929815153e+05
8.954561121350243411e+02 1.356428222996848001e-03 -3.322121160805553081e+05
8.964999145420118793e+02 2.077812136247240385e-04 -3.322121172292022966e+05
8.975049649900797704e+02 -8.649355064567269781e-04 -3.322121183019190212e+05
8.985034042018388618e+02 1.071123710379052020e-03 -3.322121163658598089e+05
8.995093833546579845e+02 1.300097707613014899e-03 -3.322121161368857720e+05
9.004905937739780484e+02 3.694928118160792883e-03 -3.322121137420553714e+05
9.015009047483566746e+02 -5.395638616423863035e-04 -3.322121179765473935e+05
9.024720271463984318e+02 -5.075240384101156656e-04 -3.322121179445075686e+05
9.034834929265202845e+02 4.282588786907024392e-04 -3.322121170087245991e+05
9.044933528560865170e+02 9.600357408221157083e-04 -3.322121164769477909e+05
9.054941462744778846e+02 -2.250945231870744682e-03 -3.322121196879287600e+05
9.065033758606845140e+02 1.901129346930828133e-03 -3.322121155358541873e+05
9.075033277716177054e+02 -5.969761854993518120e-04 -3.322121180339597049e+05
9.084911479829992231e+02 -2.668822711368776766e-03 -3.322121201058062143e+05
9.094643206440811127e+02 -1.644571791303918711e-03 -3.322121190815552836e+05
9.104676752153611687e+02 -2.640631376074200915e-03 -3.322121200776149053e+05
9.115453271332735312e+02 -1.798070653542886612e-03 -3.322121192350541824e+05
9.125468716394333342e+02 -1.422211350429625687e-03 -3.322121188591948594e+05
9.134967614207274664e+02 7.480397888514549003e-04 -3.322121166889437009e+05
9.144980094805658837e+02 1.246819975838605644e-04 -3.322121173123015324e+05
9.155245699909447694e+02 5.832559476464481548e-04 -3.322121168537275516e+05
9.165136119533699457e+02 2.578941600397937055e-03 -3.322121148580419249e+05
9.174972008693699763e+02 6.400281703437899145e-04 -3.322121167969553499e+05
9.185199192172070752e+02 2.221538014494614608e-03 -3.322121152154455194e+05
9.195009495114215952e+02 1.223696152691586400e-04 -3.322121173146138899e+05
9.204835663083615600e+02 2.554967975843160512e-04 -3.322121171814866830e+05
9.214863935761770790e+02 6.347211427563663188e-06 -3.322121174306363100e+05
9.225391299125877822e+02 2.224897186655670073e-03 -3.322121152120862971e+05
9.235130860785708364e+02 -1.554932737229919879e-03 -3.322121189919162425e+05
9.244987038767810645e+02 2.782445297017146699e-03 -3.322121146545382217e+05
9.254580575872195141e+02 5.889947100712594736e-05 -3.322121173780840472e+05
9.264527228447615244e+02 -1.696813098476737539e-03 -3.322121191337966011e+05
9.274955198437362469e+02 -1.145027208880956002e-03 -3.322121185820107348e+05
9.285103131861901602e+02 -1.208254820529926091e-03 -3.322121186452383408e+05
9.295049369256009868e+02 5.244423264622328617e-04 -3.322121169125411543e+05
9.305138044084820876e+02 7.774771140713997294e-04 -3.322121166595063987e+05
9.315318952383973965e+02 -1.344098043511792644e-03 -3.322121187810815754e+05
9.325188701725630835e+02 -6.261093478414856415e-05 -3.322121174995944602e+05
9.335075950400773763e+02 -9.290180927099183977e-04 -3.322121183660015813e+05
9.345083479833887168e+02 -1.915796929593904666e-03 -3.322121193527804571e+05
9.354875974099197720e+02 9.073052883860954548e-04 -3.322121165296782274e+05
9.364737176746475598e+02 3.199170557025257829e-03 -3.322121142378129298e+05
9.375204654741072545e+02 -3.079748755466715868e-03 -3.322121205167322769e+05
9.385008680961644814e+02 -1.283235178736155625e-03 -3.322121187202187139e+05
9.395140906540424339e+02 1.203277018942066007e-03 -3.322121162337064743e+05
9.404898826933676901e+02 2.734460022596490840e-03 -3.322121147025235114e+05
9.415190419704648548e+02 -2.008579118134034159e-03 -3.322121194455625955e+05
9.425070557243097937e+02 -2.825108095833815387e-04 -3.322121177194943302e+05
9.434770344519382661e+02 -1.358197094730660172e-03 -3.322121187951805769e+05
9.445146970661636487e+02 -1.085711265701094427e-04 -3.322121175455546472e+05
9.455359810106565419e+02 -1.211759277773899555e-03 -3.322121186487427913e+05
9.465264451626786695e+02 -7.312206377377902930e-04 -3.322121181682041497e+05
9.474952066790884828e+02 6.533140646515838909e-04 -3.322121167836694513e+05
9.484844562418065834e+02 1.911584289088618250e-04 -3.322121172458250658e+05
9.494909478753195344e+02 -1.395186472845881672e-04 -3.322121175765021471e+05
9.504889108583205370e+02 -4.171687462000400596e-04 -3.322121178541522240e+05
9.514802808847157394e+02 -5.361769757162216559e-04 -3.322121179731604643e+05
9.524332333431449342e+02 -1.375000002563640626e-03 -3.322121188119834987e+05
9.534990266379535342e+02 1.457097320809688573e-03 -3.322121159798862063e+05
9.545180283542075586e+02 -1.789089426466586492e-04 -3.322121176158924354e+05
9.555023906800932991e+02 3.088172621279186222e-03 -3.322121143488108646e+05
9.565072320201409184e+02 -3.362128895426553144e-04 -3.322121177731963689e+05
9.574870377740602407e+02 1.406958195663141108e-03 -3.322121160300252959e+05
9.584958097553688958e+02 -2.113078555015668466e-04 -3.322121176482913434e+05
9.595006449058572571e+02 -8.608601869098724208e-04 -3.322121182978436700e+05
9.605203569899554168e+02 8.187691124991289433e-04 -3.322121166182144079e+05
9.615070085555462356e+02 1.309840654567412258e-03 -3.322121161271428573e+05
9.625324759651226714e+02 1.050932307743877121e-03 -3.322121163860511733e+05
9.635292874926701643e+02 1.203534506219834443e-04 -3.322121173166300287e+05
9.645318470173053811e+02 -4.244953815848057392e-04 -3.322121178614788805e+05
9.654993004714523295e+02 2.162147732550424623e-04 -3.322121172207687050e+05
9.664959923566646012e+02 -1.457098120691222628e-03 -3.322121188940816210e+05
9.674804870088895541e+02 -2.047336194664239883e-03 -3.322121194843197009e+05
9.684880175830065809e+02 1.477596909366408421e-03 -3.322121159593865741e+05
9.694572890508742375e+02 -2.457867728339301061e-04 -3.322121176827703021e+05
9.704780947681018688e+02 1.765473555493098448e-04 -3.322121172604361782e+05
9.714942978667969555e+02 2.410599928075285708e-03 -3.322121150263836025e+05
9.725060440216136612e+02 1.469341179331427622e-03 -3.322121159676423413e+05
9.735101369562711398e+02 -1.889361909321810766e-03 -3.322121193263453897e+05
9.745066363609806785e+02 7.429372923057460604e-04 -3.322121166940462426e+05
9.755109722083446968e+02 2.130554909871812223e-03 -3.322121153064285754e+05
9.765001480346592189e+02 1.008596531842255163e-04 -3.322121173361238325e+05
9.775097955741711075e+02 -5.187498442661172693e-06 -3.322121174421710311e+05
9.784928964194918990e+02 2.134505923111154222e-04 -3.322121172235329286e+05
9.795114349498498996e+02 7.120939581675300603e-05 -3.322121173657741165e+05
9.804926183497213970e+02 1.146716848719618771e-04 -3.322121173223117949e+05
9.814804951907276518e+02 -8.804247635024897321e-04 -3.322121183174082544e+05
9.824957188038578124e+02 -1.009662982288083485e-03 -3.322121184466464911e+05
9.835201931784863518e+02 -1.485317190199537214e-03 -3.322121189223006950e+05
9.845032870029618834e+02 1.179111378237103361e-03 -3.322121162578721414e+05
9.855211862327938661e+02 -7.947175275711786796e-05 -3.322121175164552405e+05
9.864746013591258134e+02 5.986265199791274616e-04 -3.322121168383570039e+05
9.875085165808161491e+02 -1.745115028346616061e-03 -3.322121191820985405e+05
9.885171921621606543e+02 2.029228334022178514e-03 -3.322121154077551910e+05
9.894931318463900425e+02 6.623351974953934186e-04 -3.322121167746483115e+05
9.904894938556835768e+02 -3.074177661018452200e-03 -3.322121205111611634e+05
9.915112279570151941e+02 -9.478952885428800499e-04 -3.322121183848787914e+05
9.925396795985305971e+02 -7.606109850077116775e-04 -3.322121181975944783e+05
9.935074926110823981e+02 -7.931559345426840207e-05 -3.322121175162991276e+05
9.945028298851236741e+02 -2.450031088815410405e-03 -3.322121198870146181e+05
9.955173889596901518e+02 -4.188707348272497819e-04 -3.322121178558542160e+05
9.964930623179368467e+02 -8.737960998805394206e-04 -3.322121183107796242e+05
9.974697417055870119e+02 -8.143149327609912856e-04 -3.322121182512984378e+05
9.985036454121418501e+02 7.925377315161629159e-04 -3.322121166444457485e+05
9.994711617102989294e+02 -2.521934608618418556e-04 -3.322121176891769865e+05
